[2025-05-04 11:37:42] Starting Service Flip 
[2025-05-04 11:37:42] Stopping service: ServicePlaceholder
[2025-05-04 11:37:42] Service stopped.
[2025-05-04 11:37:42] Renaming ServicePlaceholder -> ServicePlaceholder 212
[2025-05-04 11:37:42] Renaming ServicePlaceholder 202 -> ServicePlaceholder
[2025-05-04 11:37:42] Starting service: ServicePlaceholder
[2025-05-04 11:37:42] Service started.
[2025-05-04 11:37:42] Service flip complete. Now running version: ServicePlaceholder 202
[2025-05-04 11:41:45] Service flip triggered incorrectly, current service is already ServicePlaceholder 212
[2025-05-04 11:42:49] Starting Service Flip 
[2025-05-04 11:42:49] Stopping service: ServicePlaceholder
[2025-05-04 11:42:49] Service stopped.
[2025-05-04 11:42:49] Renaming ServicePlaceholder -> ServicePlaceholder 202
[2025-05-04 11:42:49] Renaming ServicePlaceholder 212 -> ServicePlaceholder
[2025-05-04 11:42:49] Starting service: ServicePlaceholder
[2025-05-04 11:42:49] Service started.
[2025-05-04 11:42:49] Service flip complete. Now running version: ServicePlaceholder 212
[2025-05-04 11:43:28] Service flip triggered incorrectly, current service is already ServicePlaceholder 202
[2025-05-04 11:44:23] Starting Service Flip 
[2025-05-04 11:44:23] Stopping service: ServicePlaceholder
[2025-05-04 11:44:23] Service stopped.
[2025-05-04 11:44:23] Renaming ServicePlaceholder -> ServicePlaceholder 202
[2025-05-04 11:44:23] Renaming ServicePlaceholder 212 -> ServicePlaceholder
[2025-05-04 11:44:23] Starting service: ServicePlaceholder
[2025-05-04 11:44:23] Service started.
[2025-05-04 11:44:23] Service flip complete. Now running version: ServicePlaceholder 212
